{"C:\\Users\\a2662\\Documents\\wowmusic\\src\\components\\musicplayer.js": {"path":"C:\\Users\\a2662\\Documents\\wowmusic\\src\\components\\musicplayer.js","statementMap":{"0":{"start":{"line":13,"column":4},"end":{"line":13,"column":16}},"1":{"start":{"line":14,"column":4},"end":{"line":21,"column":5}},"2":{"start":{"line":22,"column":4},"end":{"line":22,"column":34}},"3":{"start":{"line":23,"column":4},"end":{"line":23,"column":37}},"4":{"start":{"line":24,"column":4},"end":{"line":24,"column":45}},"5":{"start":{"line":25,"column":4},"end":{"line":25,"column":35}},"6":{"start":{"line":26,"column":4},"end":{"line":26,"column":43}},"7":{"start":{"line":27,"column":4},"end":{"line":27,"column":35}},"8":{"start":{"line":28,"column":4},"end":{"line":28,"column":43}},"9":{"start":{"line":29,"column":4},"end":{"line":29,"column":43}},"10":{"start":{"line":30,"column":4},"end":{"line":30,"column":51}},"11":{"start":{"line":31,"column":4},"end":{"line":31,"column":40}},"12":{"start":{"line":32,"column":4},"end":{"line":32,"column":48}},"13":{"start":{"line":33,"column":4},"end":{"line":33,"column":41}},"14":{"start":{"line":34,"column":4},"end":{"line":34,"column":42}},"15":{"start":{"line":35,"column":4},"end":{"line":35,"column":46}},"16":{"start":{"line":36,"column":4},"end":{"line":36,"column":46}},"17":{"start":{"line":37,"column":4},"end":{"line":37,"column":48}},"18":{"start":{"line":38,"column":4},"end":{"line":38,"column":54}},"19":{"start":{"line":39,"column":4},"end":{"line":39,"column":58}},"20":{"start":{"line":40,"column":4},"end":{"line":40,"column":36}},"21":{"start":{"line":41,"column":4},"end":{"line":41,"column":46}},"22":{"start":{"line":42,"column":4},"end":{"line":42,"column":54}},"23":{"start":{"line":43,"column":4},"end":{"line":43,"column":50}},"24":{"start":{"line":44,"column":4},"end":{"line":44,"column":46}},"25":{"start":{"line":45,"column":4},"end":{"line":45,"column":40}},"26":{"start":{"line":48,"column":4},"end":{"line":48,"column":62}},"27":{"start":{"line":49,"column":4},"end":{"line":49,"column":56}},"28":{"start":{"line":50,"column":4},"end":{"line":50,"column":54}},"29":{"start":{"line":51,"column":4},"end":{"line":51,"column":58}},"30":{"start":{"line":52,"column":4},"end":{"line":52,"column":58}},"31":{"start":{"line":53,"column":4},"end":{"line":53,"column":56}},"32":{"start":{"line":54,"column":4},"end":{"line":54,"column":56}},"33":{"start":{"line":57,"column":16},"end":{"line":57,"column":34}},"34":{"start":{"line":58,"column":19},"end":{"line":58,"column":40}},"35":{"start":{"line":59,"column":27},"end":{"line":59,"column":56}},"36":{"start":{"line":60,"column":4},"end":{"line":74,"column":6}},"37":{"start":{"line":61,"column":18},"end":{"line":61,"column":52}},"38":{"start":{"line":62,"column":22},"end":{"line":62,"column":50}},"39":{"start":{"line":63,"column":30},"end":{"line":63,"column":66}},"40":{"start":{"line":65,"column":6},"end":{"line":65,"column":36}},"41":{"start":{"line":66,"column":6},"end":{"line":66,"column":50}},"42":{"start":{"line":67,"column":6},"end":{"line":73,"column":8}},"43":{"start":{"line":68,"column":23},"end":{"line":71,"column":9}},"44":{"start":{"line":72,"column":8},"end":{"line":72,"column":23}},"45":{"start":{"line":75,"column":4},"end":{"line":103,"column":7}},"46":{"start":{"line":76,"column":33},"end":{"line":76,"column":55}},"47":{"start":{"line":77,"column":25},"end":{"line":77,"column":35}},"48":{"start":{"line":78,"column":25},"end":{"line":78,"column":35}},"49":{"start":{"line":79,"column":27},"end":{"line":79,"column":48}},"50":{"start":{"line":80,"column":25},"end":{"line":80,"column":44}},"51":{"start":{"line":81,"column":24},"end":{"line":81,"column":55}},"52":{"start":{"line":83,"column":6},"end":{"line":91,"column":7}},"53":{"start":{"line":84,"column":8},"end":{"line":90,"column":10}},"54":{"start":{"line":85,"column":25},"end":{"line":88,"column":11}},"55":{"start":{"line":89,"column":10},"end":{"line":89,"column":25}},"56":{"start":{"line":92,"column":6},"end":{"line":94,"column":7}},"57":{"start":{"line":93,"column":8},"end":{"line":93,"column":24}},"58":{"start":{"line":95,"column":6},"end":{"line":98,"column":7}},"59":{"start":{"line":96,"column":8},"end":{"line":96,"column":24}},"60":{"start":{"line":97,"column":8},"end":{"line":97,"column":14}},"61":{"start":{"line":99,"column":6},"end":{"line":102,"column":7}},"62":{"start":{"line":100,"column":8},"end":{"line":100,"column":18}},"63":{"start":{"line":101,"column":8},"end":{"line":101,"column":14}},"64":{"start":{"line":106,"column":16},"end":{"line":106,"column":34}},"65":{"start":{"line":107,"column":23},"end":{"line":107,"column":33}},"66":{"start":{"line":108,"column":56},"end":{"line":108,"column":66}},"67":{"start":{"line":109,"column":4},"end":{"line":111,"column":5}},"68":{"start":{"line":110,"column":6},"end":{"line":110,"column":12}},"69":{"start":{"line":112,"column":4},"end":{"line":134,"column":5}},"70":{"start":{"line":113,"column":6},"end":{"line":133,"column":7}},"71":{"start":{"line":114,"column":8},"end":{"line":121,"column":10}},"72":{"start":{"line":115,"column":25},"end":{"line":119,"column":11}},"73":{"start":{"line":120,"column":10},"end":{"line":120,"column":25}},"74":{"start":{"line":122,"column":8},"end":{"line":122,"column":20}},"75":{"start":{"line":125,"column":8},"end":{"line":131,"column":10}},"76":{"start":{"line":126,"column":25},"end":{"line":129,"column":11}},"77":{"start":{"line":130,"column":10},"end":{"line":130,"column":25}},"78":{"start":{"line":132,"column":8},"end":{"line":132,"column":20}},"79":{"start":{"line":137,"column":16},"end":{"line":137,"column":34}},"80":{"start":{"line":138,"column":95},"end":{"line":138,"column":105}},"81":{"start":{"line":139,"column":56},"end":{"line":139,"column":66}},"82":{"start":{"line":141,"column":4},"end":{"line":141,"column":59}},"83":{"start":{"line":143,"column":26},"end":{"line":147,"column":5}},"84":{"start":{"line":148,"column":29},"end":{"line":226,"column":5}},"85":{"start":{"line":227,"column":4},"end":{"line":263,"column":5}},"86":{"start":{"line":228,"column":6},"end":{"line":240,"column":7}},"87":{"start":{"line":243,"column":25},"end":{"line":243,"column":35}},"88":{"start":{"line":244,"column":43},"end":{"line":244,"column":54}},"89":{"start":{"line":245,"column":26},"end":{"line":245,"column":47}},"90":{"start":{"line":246,"column":24},"end":{"line":246,"column":43}},"91":{"start":{"line":247,"column":23},"end":{"line":247,"column":47}},"92":{"start":{"line":248,"column":23},"end":{"line":248,"column":49}},"93":{"start":{"line":250,"column":6},"end":{"line":262,"column":7}},"94":{"start":{"line":266,"column":16},"end":{"line":266,"column":34}},"95":{"start":{"line":267,"column":4},"end":{"line":285,"column":5}},"96":{"start":{"line":268,"column":6},"end":{"line":274,"column":8}},"97":{"start":{"line":269,"column":23},"end":{"line":272,"column":9}},"98":{"start":{"line":273,"column":8},"end":{"line":273,"column":23}},"99":{"start":{"line":275,"column":6},"end":{"line":275,"column":19}},"100":{"start":{"line":277,"column":6},"end":{"line":283,"column":8}},"101":{"start":{"line":278,"column":23},"end":{"line":281,"column":9}},"102":{"start":{"line":282,"column":8},"end":{"line":282,"column":23}},"103":{"start":{"line":284,"column":6},"end":{"line":284,"column":18}},"104":{"start":{"line":288,"column":22},"end":{"line":288,"column":46}},"105":{"start":{"line":289,"column":19},"end":{"line":289,"column":40}},"106":{"start":{"line":290,"column":17},"end":{"line":290,"column":36}},"107":{"start":{"line":291,"column":24},"end":{"line":291,"column":65}},"108":{"start":{"line":292,"column":21},"end":{"line":292,"column":29}},"109":{"start":{"line":294,"column":4},"end":{"line":297,"column":5}},"110":{"start":{"line":295,"column":6},"end":{"line":295,"column":49}},"111":{"start":{"line":296,"column":6},"end":{"line":296,"column":49}},"112":{"start":{"line":298,"column":4},"end":{"line":301,"column":5}},"113":{"start":{"line":299,"column":6},"end":{"line":299,"column":37}},"114":{"start":{"line":300,"column":6},"end":{"line":300,"column":37}},"115":{"start":{"line":302,"column":4},"end":{"line":305,"column":5}},"116":{"start":{"line":303,"column":6},"end":{"line":303,"column":52}},"117":{"start":{"line":304,"column":6},"end":{"line":304,"column":52}},"118":{"start":{"line":308,"column":23},"end":{"line":308,"column":48}},"119":{"start":{"line":309,"column":17},"end":{"line":309,"column":36}},"120":{"start":{"line":310,"column":21},"end":{"line":310,"column":51}},"121":{"start":{"line":311,"column":25},"end":{"line":311,"column":52}},"122":{"start":{"line":312,"column":22},"end":{"line":312,"column":69}},"123":{"start":{"line":313,"column":29},"end":{"line":313,"column":55}},"124":{"start":{"line":315,"column":4},"end":{"line":318,"column":5}},"125":{"start":{"line":316,"column":6},"end":{"line":316,"column":87}},"126":{"start":{"line":317,"column":6},"end":{"line":317,"column":58}},"127":{"start":{"line":319,"column":4},"end":{"line":322,"column":5}},"128":{"start":{"line":320,"column":6},"end":{"line":320,"column":59}},"129":{"start":{"line":321,"column":6},"end":{"line":321,"column":38}},"130":{"start":{"line":323,"column":4},"end":{"line":326,"column":5}},"131":{"start":{"line":324,"column":6},"end":{"line":324,"column":46}},"132":{"start":{"line":325,"column":6},"end":{"line":325,"column":58}},"133":{"start":{"line":329,"column":16},"end":{"line":329,"column":34}},"134":{"start":{"line":330,"column":17},"end":{"line":330,"column":36}},"135":{"start":{"line":331,"column":21},"end":{"line":331,"column":51}},"136":{"start":{"line":333,"column":4},"end":{"line":333,"column":30}},"137":{"start":{"line":334,"column":16},"end":{"line":334,"column":77}},"138":{"start":{"line":335,"column":4},"end":{"line":340,"column":5}},"139":{"start":{"line":336,"column":6},"end":{"line":336,"column":26}},"140":{"start":{"line":339,"column":6},"end":{"line":339,"column":22}},"141":{"start":{"line":343,"column":16},"end":{"line":343,"column":34}},"142":{"start":{"line":344,"column":19},"end":{"line":344,"column":40}},"143":{"start":{"line":345,"column":23},"end":{"line":345,"column":55}},"144":{"start":{"line":347,"column":4},"end":{"line":347,"column":95}},"145":{"start":{"line":350,"column":4},"end":{"line":350,"column":60}},"146":{"start":{"line":351,"column":4},"end":{"line":351,"column":56}},"147":{"start":{"line":354,"column":4},"end":{"line":354,"column":57}},"148":{"start":{"line":355,"column":4},"end":{"line":355,"column":53}},"149":{"start":{"line":358,"column":4},"end":{"line":358,"column":61}},"150":{"start":{"line":359,"column":4},"end":{"line":359,"column":62}},"151":{"start":{"line":362,"column":4},"end":{"line":362,"column":58}},"152":{"start":{"line":363,"column":4},"end":{"line":363,"column":59}},"153":{"start":{"line":367,"column":30},"end":{"line":367,"column":62}},"154":{"start":{"line":368,"column":27},"end":{"line":368,"column":56}},"155":{"start":{"line":369,"column":25},"end":{"line":369,"column":52}},"156":{"start":{"line":370,"column":32},"end":{"line":370,"column":89}},"157":{"start":{"line":371,"column":29},"end":{"line":371,"column":37}},"158":{"start":{"line":373,"column":4},"end":{"line":376,"column":5}},"159":{"start":{"line":374,"column":6},"end":{"line":374,"column":65}},"160":{"start":{"line":375,"column":6},"end":{"line":375,"column":65}},"161":{"start":{"line":377,"column":4},"end":{"line":380,"column":5}},"162":{"start":{"line":378,"column":6},"end":{"line":378,"column":45}},"163":{"start":{"line":379,"column":6},"end":{"line":379,"column":45}},"164":{"start":{"line":381,"column":4},"end":{"line":384,"column":5}},"165":{"start":{"line":382,"column":6},"end":{"line":382,"column":68}},"166":{"start":{"line":383,"column":6},"end":{"line":383,"column":68}},"167":{"start":{"line":387,"column":16},"end":{"line":387,"column":34}},"168":{"start":{"line":388,"column":27},"end":{"line":388,"column":56}},"169":{"start":{"line":389,"column":31},"end":{"line":389,"column":71}},"170":{"start":{"line":391,"column":4},"end":{"line":391,"column":111}},"171":{"start":{"line":394,"column":4},"end":{"line":394,"column":66}},"172":{"start":{"line":395,"column":4},"end":{"line":395,"column":62}},"173":{"start":{"line":398,"column":4},"end":{"line":398,"column":63}},"174":{"start":{"line":399,"column":4},"end":{"line":399,"column":59}},"175":{"start":{"line":402,"column":23},"end":{"line":402,"column":33}},"176":{"start":{"line":403,"column":23},"end":{"line":403,"column":33}},"177":{"start":{"line":404,"column":31},"end":{"line":404,"column":53}},"178":{"start":{"line":405,"column":4},"end":{"line":408,"column":5}},"179":{"start":{"line":406,"column":6},"end":{"line":406,"column":27}},"180":{"start":{"line":407,"column":6},"end":{"line":407,"column":12}},"181":{"start":{"line":409,"column":4},"end":{"line":418,"column":5}},"182":{"start":{"line":410,"column":6},"end":{"line":410,"column":16}},"183":{"start":{"line":411,"column":6},"end":{"line":417,"column":8}},"184":{"start":{"line":412,"column":23},"end":{"line":415,"column":9}},"185":{"start":{"line":416,"column":8},"end":{"line":416,"column":23}},"186":{"start":{"line":421,"column":27},"end":{"line":421,"column":37}},"187":{"start":{"line":422,"column":23},"end":{"line":422,"column":33}},"188":{"start":{"line":423,"column":24},"end":{"line":423,"column":46}},"189":{"start":{"line":424,"column":4},"end":{"line":427,"column":5}},"190":{"start":{"line":425,"column":6},"end":{"line":425,"column":27}},"191":{"start":{"line":426,"column":6},"end":{"line":426,"column":12}},"192":{"start":{"line":428,"column":4},"end":{"line":437,"column":5}},"193":{"start":{"line":429,"column":6},"end":{"line":429,"column":20}},"194":{"start":{"line":430,"column":6},"end":{"line":436,"column":8}},"195":{"start":{"line":431,"column":23},"end":{"line":434,"column":9}},"196":{"start":{"line":435,"column":8},"end":{"line":435,"column":23}},"197":{"start":{"line":440,"column":23},"end":{"line":440,"column":33}},"198":{"start":{"line":441,"column":16},"end":{"line":441,"column":34}},"199":{"start":{"line":442,"column":4},"end":{"line":453,"column":5}},"200":{"start":{"line":443,"column":6},"end":{"line":443,"column":61}},"201":{"start":{"line":444,"column":6},"end":{"line":444,"column":61}},"202":{"start":{"line":445,"column":6},"end":{"line":452,"column":8}},"203":{"start":{"line":446,"column":23},"end":{"line":450,"column":9}},"204":{"start":{"line":451,"column":8},"end":{"line":451,"column":23}},"205":{"start":{"line":454,"column":4},"end":{"line":464,"column":5}},"206":{"start":{"line":455,"column":6},"end":{"line":455,"column":58}},"207":{"start":{"line":456,"column":6},"end":{"line":463,"column":8}},"208":{"start":{"line":457,"column":23},"end":{"line":461,"column":9}},"209":{"start":{"line":462,"column":8},"end":{"line":462,"column":23}},"210":{"start":{"line":467,"column":23},"end":{"line":467,"column":33}},"211":{"start":{"line":468,"column":16},"end":{"line":468,"column":34}},"212":{"start":{"line":470,"column":4},"end":{"line":480,"column":5}},"213":{"start":{"line":471,"column":6},"end":{"line":471,"column":61}},"214":{"start":{"line":472,"column":6},"end":{"line":472,"column":58}},"215":{"start":{"line":473,"column":6},"end":{"line":479,"column":8}},"216":{"start":{"line":474,"column":23},"end":{"line":477,"column":9}},"217":{"start":{"line":478,"column":8},"end":{"line":478,"column":23}},"218":{"start":{"line":481,"column":4},"end":{"line":492,"column":5}},"219":{"start":{"line":482,"column":6},"end":{"line":482,"column":61}},"220":{"start":{"line":483,"column":6},"end":{"line":483,"column":58}},"221":{"start":{"line":484,"column":6},"end":{"line":491,"column":8}},"222":{"start":{"line":485,"column":23},"end":{"line":489,"column":9}},"223":{"start":{"line":490,"column":8},"end":{"line":490,"column":23}},"224":{"start":{"line":495,"column":20},"end":{"line":495,"column":42}},"225":{"start":{"line":496,"column":26},"end":{"line":496,"column":36}},"226":{"start":{"line":497,"column":19},"end":{"line":497,"column":59}},"227":{"start":{"line":499,"column":4},"end":{"line":501,"column":5}},"228":{"start":{"line":500,"column":6},"end":{"line":500,"column":57}},"229":{"start":{"line":502,"column":4},"end":{"line":509,"column":6}},"230":{"start":{"line":503,"column":21},"end":{"line":507,"column":7}},"231":{"start":{"line":508,"column":6},"end":{"line":508,"column":21}},"232":{"start":{"line":512,"column":4},"end":{"line":519,"column":6}},"233":{"start":{"line":513,"column":21},"end":{"line":517,"column":7}},"234":{"start":{"line":518,"column":6},"end":{"line":518,"column":21}},"235":{"start":{"line":522,"column":4},"end":{"line":528,"column":6}},"236":{"start":{"line":523,"column":21},"end":{"line":526,"column":7}},"237":{"start":{"line":527,"column":6},"end":{"line":527,"column":21}},"238":{"start":{"line":531,"column":4},"end":{"line":537,"column":6}},"239":{"start":{"line":532,"column":21},"end":{"line":535,"column":7}},"240":{"start":{"line":536,"column":6},"end":{"line":536,"column":21}},"241":{"start":{"line":540,"column":30},"end":{"line":540,"column":40}},"242":{"start":{"line":541,"column":4},"end":{"line":541,"column":21}},"243":{"start":{"line":542,"column":18},"end":{"line":542,"column":32}},"244":{"start":{"line":543,"column":4},"end":{"line":543,"column":18}},"245":{"start":{"line":546,"column":4},"end":{"line":563,"column":5}},"246":{"start":{"line":547,"column":6},"end":{"line":547,"column":26}},"247":{"start":{"line":548,"column":6},"end":{"line":548,"column":24}},"248":{"start":{"line":550,"column":9},"end":{"line":563,"column":5}},"249":{"start":{"line":551,"column":6},"end":{"line":551,"column":39}},"250":{"start":{"line":552,"column":6},"end":{"line":552,"column":24}},"251":{"start":{"line":554,"column":9},"end":{"line":563,"column":5}},"252":{"start":{"line":555,"column":6},"end":{"line":555,"column":38}},"253":{"start":{"line":556,"column":6},"end":{"line":556,"column":24}},"254":{"start":{"line":559,"column":20},"end":{"line":559,"column":48}},"255":{"start":{"line":560,"column":6},"end":{"line":560,"column":47}},"256":{"start":{"line":560,"column":24},"end":{"line":560,"column":47}},"257":{"start":{"line":561,"column":6},"end":{"line":561,"column":75}},"258":{"start":{"line":562,"column":6},"end":{"line":562,"column":24}},"259":{"start":{"line":568,"column":4},"end":{"line":568,"column":16}},"260":{"start":{"line":571,"column":29},"end":{"line":571,"column":53}},"261":{"start":{"line":572,"column":4},"end":{"line":578,"column":5}},"262":{"start":{"line":583,"column":4},"end":{"line":583,"column":16}},"263":{"start":{"line":586,"column":27},"end":{"line":586,"column":37}},"264":{"start":{"line":587,"column":32},"end":{"line":587,"column":45}},"265":{"start":{"line":588,"column":46},"end":{"line":588,"column":56}},"266":{"start":{"line":589,"column":17},"end":{"line":589,"column":33}},"267":{"start":{"line":590,"column":20},"end":{"line":590,"column":39}},"268":{"start":{"line":591,"column":19},"end":{"line":591,"column":36}},"269":{"start":{"line":593,"column":4},"end":{"line":661,"column":5}},"270":{"start":{"line":594,"column":43},"end":{"line":594,"column":54}},"271":{"start":{"line":595,"column":26},"end":{"line":595,"column":47}},"272":{"start":{"line":596,"column":24},"end":{"line":596,"column":43}},"273":{"start":{"line":597,"column":25},"end":{"line":597,"column":46}},"274":{"start":{"line":598,"column":25},"end":{"line":598,"column":48}},"275":{"start":{"line":599,"column":27},"end":{"line":599,"column":50}},"276":{"start":{"line":600,"column":27},"end":{"line":600,"column":52}},"277":{"start":{"line":602,"column":6},"end":{"line":619,"column":7}},"278":{"start":{"line":603,"column":8},"end":{"line":618,"column":9}},"279":{"start":{"line":620,"column":6},"end":{"line":642,"column":7}},"280":{"start":{"line":621,"column":8},"end":{"line":641,"column":9}},"281":{"start":{"line":645,"column":6},"end":{"line":660,"column":7}},"282":{"start":{"line":666,"column":4},"end":{"line":666,"column":16}},"283":{"start":{"line":669,"column":27},"end":{"line":669,"column":37}},"284":{"start":{"line":670,"column":69},"end":{"line":670,"column":82}},"285":{"start":{"line":671,"column":34},"end":{"line":671,"column":44}},"286":{"start":{"line":672,"column":32},"end":{"line":672,"column":46}},"287":{"start":{"line":673,"column":24},"end":{"line":673,"column":45}},"288":{"start":{"line":675,"column":4},"end":{"line":688,"column":5}},"289":{"start":{"line":693,"column":4},"end":{"line":693,"column":16}},"290":{"start":{"line":696,"column":27},"end":{"line":696,"column":37}},"291":{"start":{"line":697,"column":37},"end":{"line":697,"column":51}},"292":{"start":{"line":698,"column":29},"end":{"line":698,"column":39}},"293":{"start":{"line":699,"column":38},"end":{"line":699,"column":51}},"294":{"start":{"line":700,"column":17},"end":{"line":700,"column":33}},"295":{"start":{"line":701,"column":28},"end":{"line":701,"column":43}},"296":{"start":{"line":702,"column":20},"end":{"line":702,"column":22}},"297":{"start":{"line":704,"column":4},"end":{"line":713,"column":5}},"298":{"start":{"line":705,"column":6},"end":{"line":707,"column":13}},"299":{"start":{"line":710,"column":6},"end":{"line":712,"column":12}},"300":{"start":{"line":714,"column":4},"end":{"line":725,"column":5}},"301":{"start":{"line":715,"column":6},"end":{"line":724,"column":7}},"302":{"start":{"line":730,"column":4},"end":{"line":730,"column":16}},"303":{"start":{"line":733,"column":27},"end":{"line":733,"column":37}},"304":{"start":{"line":734,"column":72},"end":{"line":734,"column":86}},"305":{"start":{"line":735,"column":32},"end":{"line":735,"column":45}},"306":{"start":{"line":736,"column":17},"end":{"line":736,"column":33}},"307":{"start":{"line":737,"column":20},"end":{"line":737,"column":39}},"308":{"start":{"line":739,"column":4},"end":{"line":747,"column":5}},"309":{"start":{"line":740,"column":6},"end":{"line":746,"column":7}},"310":{"start":{"line":748,"column":4},"end":{"line":756,"column":5}},"311":{"start":{"line":749,"column":6},"end":{"line":755,"column":7}},"312":{"start":{"line":761,"column":4},"end":{"line":761,"column":16}},"313":{"start":{"line":764,"column":19},"end":{"line":764,"column":29}},"314":{"start":{"line":765,"column":99},"end":{"line":765,"column":107}},"315":{"start":{"line":766,"column":69},"end":{"line":766,"column":82}},"316":{"start":{"line":767,"column":59},"end":{"line":767,"column":69}},"317":{"start":{"line":768,"column":21},"end":{"line":768,"column":31}},"318":{"start":{"line":769,"column":17},"end":{"line":769,"column":33}},"319":{"start":{"line":770,"column":20},"end":{"line":770,"column":39}},"320":{"start":{"line":771,"column":18},"end":{"line":771,"column":37}},"321":{"start":{"line":772,"column":4},"end":{"line":788,"column":5}},"322":{"start":{"line":773,"column":33},"end":{"line":773,"column":44}},"323":{"start":{"line":774,"column":6},"end":{"line":787,"column":7}},"324":{"start":{"line":789,"column":4},"end":{"line":805,"column":5}},"325":{"start":{"line":790,"column":33},"end":{"line":790,"column":44}},"326":{"start":{"line":791,"column":6},"end":{"line":804,"column":7}},"327":{"start":{"line":806,"column":4},"end":{"line":821,"column":5}},"328":{"start":{"line":807,"column":6},"end":{"line":820,"column":7}},"329":{"start":{"line":822,"column":4},"end":{"line":837,"column":5}},"330":{"start":{"line":823,"column":6},"end":{"line":836,"column":7}},"331":{"start":{"line":842,"column":4},"end":{"line":842,"column":16}},"332":{"start":{"line":845,"column":42},"end":{"line":845,"column":66}},"333":{"start":{"line":846,"column":51},"end":{"line":846,"column":70}},"334":{"start":{"line":847,"column":4},"end":{"line":861,"column":5}},"335":{"start":{"line":864,"column":19},"end":{"line":864,"column":64}}},"fnMap":{"0":{"name":"(anonymous_0)","decl":{"start":{"line":12,"column":2},"end":{"line":12,"column":3}},"loc":{"start":{"line":12,"column":21},"end":{"line":55,"column":3}},"line":12},"1":{"name":"(anonymous_1)","decl":{"start":{"line":56,"column":2},"end":{"line":56,"column":3}},"loc":{"start":{"line":56,"column":22},"end":{"line":104,"column":3}},"line":56},"2":{"name":"(anonymous_2)","decl":{"start":{"line":60,"column":41},"end":{"line":60,"column":42}},"loc":{"start":{"line":60,"column":47},"end":{"line":74,"column":5}},"line":60},"3":{"name":"(anonymous_3)","decl":{"start":{"line":67,"column":20},"end":{"line":67,"column":21}},"loc":{"start":{"line":67,"column":38},"end":{"line":73,"column":7}},"line":67},"4":{"name":"(anonymous_4)","decl":{"start":{"line":75,"column":36},"end":{"line":75,"column":37}},"loc":{"start":{"line":75,"column":42},"end":{"line":103,"column":5}},"line":75},"5":{"name":"(anonymous_5)","decl":{"start":{"line":84,"column":22},"end":{"line":84,"column":23}},"loc":{"start":{"line":84,"column":40},"end":{"line":90,"column":9}},"line":84},"6":{"name":"(anonymous_6)","decl":{"start":{"line":105,"column":2},"end":{"line":105,"column":3}},"loc":{"start":{"line":105,"column":32},"end":{"line":135,"column":3}},"line":105},"7":{"name":"(anonymous_7)","decl":{"start":{"line":114,"column":22},"end":{"line":114,"column":23}},"loc":{"start":{"line":114,"column":40},"end":{"line":121,"column":9}},"line":114},"8":{"name":"(anonymous_8)","decl":{"start":{"line":125,"column":22},"end":{"line":125,"column":23}},"loc":{"start":{"line":125,"column":40},"end":{"line":131,"column":9}},"line":125},"9":{"name":"(anonymous_9)","decl":{"start":{"line":136,"column":2},"end":{"line":136,"column":3}},"loc":{"start":{"line":136,"column":11},"end":{"line":264,"column":3}},"line":136},"10":{"name":"(anonymous_10)","decl":{"start":{"line":265,"column":2},"end":{"line":265,"column":3}},"loc":{"start":{"line":265,"column":9},"end":{"line":286,"column":3}},"line":265},"11":{"name":"(anonymous_11)","decl":{"start":{"line":268,"column":20},"end":{"line":268,"column":21}},"loc":{"start":{"line":268,"column":38},"end":{"line":274,"column":7}},"line":268},"12":{"name":"(anonymous_12)","decl":{"start":{"line":277,"column":20},"end":{"line":277,"column":21}},"loc":{"start":{"line":277,"column":38},"end":{"line":283,"column":7}},"line":277},"13":{"name":"(anonymous_13)","decl":{"start":{"line":287,"column":2},"end":{"line":287,"column":3}},"loc":{"start":{"line":287,"column":27},"end":{"line":306,"column":3}},"line":287},"14":{"name":"(anonymous_14)","decl":{"start":{"line":307,"column":2},"end":{"line":307,"column":3}},"loc":{"start":{"line":307,"column":25},"end":{"line":327,"column":3}},"line":307},"15":{"name":"(anonymous_15)","decl":{"start":{"line":328,"column":2},"end":{"line":328,"column":3}},"loc":{"start":{"line":328,"column":16},"end":{"line":341,"column":3}},"line":328},"16":{"name":"(anonymous_16)","decl":{"start":{"line":342,"column":2},"end":{"line":342,"column":3}},"loc":{"start":{"line":342,"column":15},"end":{"line":348,"column":3}},"line":342},"17":{"name":"(anonymous_17)","decl":{"start":{"line":349,"column":2},"end":{"line":349,"column":3}},"loc":{"start":{"line":349,"column":13},"end":{"line":352,"column":3}},"line":349},"18":{"name":"(anonymous_18)","decl":{"start":{"line":353,"column":2},"end":{"line":353,"column":3}},"loc":{"start":{"line":353,"column":15},"end":{"line":356,"column":3}},"line":353},"19":{"name":"(anonymous_19)","decl":{"start":{"line":357,"column":2},"end":{"line":357,"column":3}},"loc":{"start":{"line":357,"column":19},"end":{"line":360,"column":3}},"line":357},"20":{"name":"(anonymous_20)","decl":{"start":{"line":361,"column":2},"end":{"line":361,"column":3}},"loc":{"start":{"line":361,"column":21},"end":{"line":364,"column":3}},"line":361},"21":{"name":"(anonymous_21)","decl":{"start":{"line":366,"column":2},"end":{"line":366,"column":3}},"loc":{"start":{"line":366,"column":33},"end":{"line":385,"column":3}},"line":366},"22":{"name":"(anonymous_22)","decl":{"start":{"line":386,"column":2},"end":{"line":386,"column":3}},"loc":{"start":{"line":386,"column":21},"end":{"line":392,"column":3}},"line":386},"23":{"name":"(anonymous_23)","decl":{"start":{"line":393,"column":2},"end":{"line":393,"column":3}},"loc":{"start":{"line":393,"column":19},"end":{"line":396,"column":3}},"line":393},"24":{"name":"(anonymous_24)","decl":{"start":{"line":397,"column":2},"end":{"line":397,"column":3}},"loc":{"start":{"line":397,"column":21},"end":{"line":400,"column":3}},"line":397},"25":{"name":"(anonymous_25)","decl":{"start":{"line":401,"column":2},"end":{"line":401,"column":3}},"loc":{"start":{"line":401,"column":14},"end":{"line":419,"column":3}},"line":401},"26":{"name":"(anonymous_26)","decl":{"start":{"line":411,"column":20},"end":{"line":411,"column":21}},"loc":{"start":{"line":411,"column":38},"end":{"line":417,"column":7}},"line":411},"27":{"name":"(anonymous_27)","decl":{"start":{"line":420,"column":2},"end":{"line":420,"column":3}},"loc":{"start":{"line":420,"column":18},"end":{"line":438,"column":3}},"line":420},"28":{"name":"(anonymous_28)","decl":{"start":{"line":430,"column":20},"end":{"line":430,"column":21}},"loc":{"start":{"line":430,"column":38},"end":{"line":436,"column":7}},"line":430},"29":{"name":"(anonymous_29)","decl":{"start":{"line":439,"column":2},"end":{"line":439,"column":3}},"loc":{"start":{"line":439,"column":14},"end":{"line":465,"column":3}},"line":439},"30":{"name":"(anonymous_30)","decl":{"start":{"line":445,"column":20},"end":{"line":445,"column":21}},"loc":{"start":{"line":445,"column":38},"end":{"line":452,"column":7}},"line":445},"31":{"name":"(anonymous_31)","decl":{"start":{"line":456,"column":20},"end":{"line":456,"column":21}},"loc":{"start":{"line":456,"column":38},"end":{"line":463,"column":7}},"line":456},"32":{"name":"(anonymous_32)","decl":{"start":{"line":466,"column":2},"end":{"line":466,"column":3}},"loc":{"start":{"line":466,"column":16},"end":{"line":493,"column":3}},"line":466},"33":{"name":"(anonymous_33)","decl":{"start":{"line":473,"column":20},"end":{"line":473,"column":21}},"loc":{"start":{"line":473,"column":38},"end":{"line":479,"column":7}},"line":473},"34":{"name":"(anonymous_34)","decl":{"start":{"line":484,"column":20},"end":{"line":484,"column":21}},"loc":{"start":{"line":484,"column":38},"end":{"line":491,"column":7}},"line":484},"35":{"name":"(anonymous_35)","decl":{"start":{"line":494,"column":2},"end":{"line":494,"column":3}},"loc":{"start":{"line":494,"column":19},"end":{"line":510,"column":3}},"line":494},"36":{"name":"(anonymous_36)","decl":{"start":{"line":502,"column":18},"end":{"line":502,"column":19}},"loc":{"start":{"line":502,"column":36},"end":{"line":509,"column":5}},"line":502},"37":{"name":"(anonymous_37)","decl":{"start":{"line":511,"column":2},"end":{"line":511,"column":3}},"loc":{"start":{"line":511,"column":19},"end":{"line":520,"column":3}},"line":511},"38":{"name":"(anonymous_38)","decl":{"start":{"line":512,"column":18},"end":{"line":512,"column":19}},"loc":{"start":{"line":512,"column":36},"end":{"line":519,"column":5}},"line":512},"39":{"name":"(anonymous_39)","decl":{"start":{"line":521,"column":2},"end":{"line":521,"column":3}},"loc":{"start":{"line":521,"column":22},"end":{"line":529,"column":3}},"line":521},"40":{"name":"(anonymous_40)","decl":{"start":{"line":522,"column":18},"end":{"line":522,"column":19}},"loc":{"start":{"line":522,"column":36},"end":{"line":528,"column":5}},"line":522},"41":{"name":"(anonymous_41)","decl":{"start":{"line":530,"column":2},"end":{"line":530,"column":3}},"loc":{"start":{"line":530,"column":19},"end":{"line":538,"column":3}},"line":530},"42":{"name":"(anonymous_42)","decl":{"start":{"line":531,"column":18},"end":{"line":531,"column":19}},"loc":{"start":{"line":531,"column":36},"end":{"line":537,"column":5}},"line":531},"43":{"name":"(anonymous_43)","decl":{"start":{"line":539,"column":2},"end":{"line":539,"column":3}},"loc":{"start":{"line":539,"column":11},"end":{"line":544,"column":3}},"line":539},"44":{"name":"(anonymous_44)","decl":{"start":{"line":545,"column":2},"end":{"line":545,"column":3}},"loc":{"start":{"line":545,"column":39},"end":{"line":564,"column":3}},"line":545},"45":{"name":"(anonymous_45)","decl":{"start":{"line":567,"column":2},"end":{"line":567,"column":3}},"loc":{"start":{"line":567,"column":21},"end":{"line":569,"column":3}},"line":567},"46":{"name":"(anonymous_46)","decl":{"start":{"line":570,"column":2},"end":{"line":570,"column":3}},"loc":{"start":{"line":570,"column":11},"end":{"line":579,"column":3}},"line":570},"47":{"name":"(anonymous_47)","decl":{"start":{"line":582,"column":2},"end":{"line":582,"column":3}},"loc":{"start":{"line":582,"column":21},"end":{"line":584,"column":3}},"line":582},"48":{"name":"(anonymous_48)","decl":{"start":{"line":585,"column":2},"end":{"line":585,"column":3}},"loc":{"start":{"line":585,"column":11},"end":{"line":662,"column":3}},"line":585},"49":{"name":"(anonymous_49)","decl":{"start":{"line":665,"column":2},"end":{"line":665,"column":3}},"loc":{"start":{"line":665,"column":21},"end":{"line":667,"column":3}},"line":665},"50":{"name":"(anonymous_50)","decl":{"start":{"line":668,"column":2},"end":{"line":668,"column":3}},"loc":{"start":{"line":668,"column":11},"end":{"line":689,"column":3}},"line":668},"51":{"name":"(anonymous_51)","decl":{"start":{"line":692,"column":2},"end":{"line":692,"column":3}},"loc":{"start":{"line":692,"column":21},"end":{"line":694,"column":3}},"line":692},"52":{"name":"(anonymous_52)","decl":{"start":{"line":695,"column":2},"end":{"line":695,"column":3}},"loc":{"start":{"line":695,"column":11},"end":{"line":726,"column":3}},"line":695},"53":{"name":"(anonymous_53)","decl":{"start":{"line":729,"column":2},"end":{"line":729,"column":3}},"loc":{"start":{"line":729,"column":21},"end":{"line":731,"column":3}},"line":729},"54":{"name":"(anonymous_54)","decl":{"start":{"line":732,"column":2},"end":{"line":732,"column":3}},"loc":{"start":{"line":732,"column":11},"end":{"line":757,"column":3}},"line":732},"55":{"name":"(anonymous_55)","decl":{"start":{"line":760,"column":2},"end":{"line":760,"column":3}},"loc":{"start":{"line":760,"column":20},"end":{"line":762,"column":3}},"line":760},"56":{"name":"(anonymous_56)","decl":{"start":{"line":763,"column":2},"end":{"line":763,"column":3}},"loc":{"start":{"line":763,"column":11},"end":{"line":838,"column":3}},"line":763},"57":{"name":"(anonymous_57)","decl":{"start":{"line":841,"column":2},"end":{"line":841,"column":3}},"loc":{"start":{"line":841,"column":21},"end":{"line":843,"column":3}},"line":841},"58":{"name":"(anonymous_58)","decl":{"start":{"line":844,"column":2},"end":{"line":844,"column":3}},"loc":{"start":{"line":844,"column":11},"end":{"line":862,"column":3}},"line":844}},"branchMap":{"0":{"loc":{"start":{"line":83,"column":6},"end":{"line":91,"column":7}},"type":"if","locations":[{"start":{"line":83,"column":6},"end":{"line":91,"column":7}},{"start":{"line":83,"column":6},"end":{"line":91,"column":7}}],"line":83},"1":{"loc":{"start":{"line":83,"column":10},"end":{"line":83,"column":37}},"type":"binary-expr","locations":[{"start":{"line":83,"column":10},"end":{"line":83,"column":20}},{"start":{"line":83,"column":24},"end":{"line":83,"column":37}}],"line":83},"2":{"loc":{"start":{"line":92,"column":6},"end":{"line":94,"column":7}},"type":"if","locations":[{"start":{"line":92,"column":6},"end":{"line":94,"column":7}},{"start":{"line":92,"column":6},"end":{"line":94,"column":7}}],"line":92},"3":{"loc":{"start":{"line":92,"column":10},"end":{"line":92,"column":38}},"type":"binary-expr","locations":[{"start":{"line":92,"column":10},"end":{"line":92,"column":21}},{"start":{"line":92,"column":25},"end":{"line":92,"column":38}}],"line":92},"4":{"loc":{"start":{"line":95,"column":6},"end":{"line":98,"column":7}},"type":"if","locations":[{"start":{"line":95,"column":6},"end":{"line":98,"column":7}},{"start":{"line":95,"column":6},"end":{"line":98,"column":7}}],"line":95},"5":{"loc":{"start":{"line":95,"column":10},"end":{"line":95,"column":36}},"type":"binary-expr","locations":[{"start":{"line":95,"column":10},"end":{"line":95,"column":21}},{"start":{"line":95,"column":25},"end":{"line":95,"column":36}}],"line":95},"6":{"loc":{"start":{"line":99,"column":6},"end":{"line":102,"column":7}},"type":"if","locations":[{"start":{"line":99,"column":6},"end":{"line":102,"column":7}},{"start":{"line":99,"column":6},"end":{"line":102,"column":7}}],"line":99},"7":{"loc":{"start":{"line":99,"column":10},"end":{"line":99,"column":35}},"type":"binary-expr","locations":[{"start":{"line":99,"column":10},"end":{"line":99,"column":20}},{"start":{"line":99,"column":24},"end":{"line":99,"column":35}}],"line":99},"8":{"loc":{"start":{"line":109,"column":4},"end":{"line":111,"column":5}},"type":"if","locations":[{"start":{"line":109,"column":4},"end":{"line":111,"column":5}},{"start":{"line":109,"column":4},"end":{"line":111,"column":5}}],"line":109},"9":{"loc":{"start":{"line":109,"column":8},"end":{"line":109,"column":98}},"type":"binary-expr","locations":[{"start":{"line":109,"column":8},"end":{"line":109,"column":51}},{"start":{"line":109,"column":55},"end":{"line":109,"column":98}}],"line":109},"10":{"loc":{"start":{"line":112,"column":4},"end":{"line":134,"column":5}},"type":"if","locations":[{"start":{"line":112,"column":4},"end":{"line":134,"column":5}},{"start":{"line":112,"column":4},"end":{"line":134,"column":5}}],"line":112},"11":{"loc":{"start":{"line":112,"column":8},"end":{"line":112,"column":46}},"type":"binary-expr","locations":[{"start":{"line":112,"column":8},"end":{"line":112,"column":32}},{"start":{"line":112,"column":36},"end":{"line":112,"column":46}}],"line":112},"12":{"loc":{"start":{"line":113,"column":6},"end":{"line":133,"column":7}},"type":"if","locations":[{"start":{"line":113,"column":6},"end":{"line":133,"column":7}},{"start":{"line":113,"column":6},"end":{"line":133,"column":7}}],"line":113},"13":{"loc":{"start":{"line":227,"column":4},"end":{"line":263,"column":5}},"type":"if","locations":[{"start":{"line":227,"column":4},"end":{"line":263,"column":5}},{"start":{"line":227,"column":4},"end":{"line":263,"column":5}}],"line":227},"14":{"loc":{"start":{"line":252,"column":22},"end":{"line":252,"column":74}},"type":"cond-expr","locations":[{"start":{"line":252,"column":51},"end":{"line":252,"column":61}},{"start":{"line":252,"column":64},"end":{"line":252,"column":74}}],"line":252},"15":{"loc":{"start":{"line":252,"column":22},"end":{"line":252,"column":48}},"type":"binary-expr","locations":[{"start":{"line":252,"column":22},"end":{"line":252,"column":34}},{"start":{"line":252,"column":38},"end":{"line":252,"column":48}}],"line":252},"16":{"loc":{"start":{"line":252,"column":103},"end":{"line":252,"column":124}},"type":"cond-expr","locations":[{"start":{"line":252,"column":114},"end":{"line":252,"column":118}},{"start":{"line":252,"column":119},"end":{"line":252,"column":124}}],"line":252},"17":{"loc":{"start":{"line":253,"column":26},"end":{"line":253,"column":89}},"type":"cond-expr","locations":[{"start":{"line":253,"column":43},"end":{"line":253,"column":61}},{"start":{"line":253,"column":64},"end":{"line":253,"column":89}}],"line":253},"18":{"loc":{"start":{"line":257,"column":26},"end":{"line":257,"column":86}},"type":"cond-expr","locations":[{"start":{"line":257,"column":46},"end":{"line":257,"column":61}},{"start":{"line":257,"column":64},"end":{"line":257,"column":86}}],"line":257},"19":{"loc":{"start":{"line":267,"column":4},"end":{"line":285,"column":5}},"type":"if","locations":[{"start":{"line":267,"column":4},"end":{"line":285,"column":5}},{"start":{"line":267,"column":4},"end":{"line":285,"column":5}}],"line":267},"20":{"loc":{"start":{"line":294,"column":4},"end":{"line":297,"column":5}},"type":"if","locations":[{"start":{"line":294,"column":4},"end":{"line":297,"column":5}},{"start":{"line":294,"column":4},"end":{"line":297,"column":5}}],"line":294},"21":{"loc":{"start":{"line":294,"column":8},"end":{"line":294,"column":53}},"type":"binary-expr","locations":[{"start":{"line":294,"column":8},"end":{"line":294,"column":22}},{"start":{"line":294,"column":26},"end":{"line":294,"column":53}}],"line":294},"22":{"loc":{"start":{"line":298,"column":4},"end":{"line":301,"column":5}},"type":"if","locations":[{"start":{"line":298,"column":4},"end":{"line":301,"column":5}},{"start":{"line":298,"column":4},"end":{"line":301,"column":5}}],"line":298},"23":{"loc":{"start":{"line":302,"column":4},"end":{"line":305,"column":5}},"type":"if","locations":[{"start":{"line":302,"column":4},"end":{"line":305,"column":5}},{"start":{"line":302,"column":4},"end":{"line":305,"column":5}}],"line":302},"24":{"loc":{"start":{"line":315,"column":4},"end":{"line":318,"column":5}},"type":"if","locations":[{"start":{"line":315,"column":4},"end":{"line":318,"column":5}},{"start":{"line":315,"column":4},"end":{"line":318,"column":5}}],"line":315},"25":{"loc":{"start":{"line":315,"column":8},"end":{"line":315,"column":67}},"type":"binary-expr","locations":[{"start":{"line":315,"column":8},"end":{"line":315,"column":30}},{"start":{"line":315,"column":34},"end":{"line":315,"column":67}}],"line":315},"26":{"loc":{"start":{"line":319,"column":4},"end":{"line":322,"column":5}},"type":"if","locations":[{"start":{"line":319,"column":4},"end":{"line":322,"column":5}},{"start":{"line":319,"column":4},"end":{"line":322,"column":5}}],"line":319},"27":{"loc":{"start":{"line":323,"column":4},"end":{"line":326,"column":5}},"type":"if","locations":[{"start":{"line":323,"column":4},"end":{"line":326,"column":5}},{"start":{"line":323,"column":4},"end":{"line":326,"column":5}}],"line":323},"28":{"loc":{"start":{"line":335,"column":4},"end":{"line":340,"column":5}},"type":"if","locations":[{"start":{"line":335,"column":4},"end":{"line":340,"column":5}},{"start":{"line":335,"column":4},"end":{"line":340,"column":5}}],"line":335},"29":{"loc":{"start":{"line":373,"column":4},"end":{"line":376,"column":5}},"type":"if","locations":[{"start":{"line":373,"column":4},"end":{"line":376,"column":5}},{"start":{"line":373,"column":4},"end":{"line":376,"column":5}}],"line":373},"30":{"loc":{"start":{"line":373,"column":8},"end":{"line":373,"column":77}},"type":"binary-expr","locations":[{"start":{"line":373,"column":8},"end":{"line":373,"column":30}},{"start":{"line":373,"column":34},"end":{"line":373,"column":77}}],"line":373},"31":{"loc":{"start":{"line":377,"column":4},"end":{"line":380,"column":5}},"type":"if","locations":[{"start":{"line":377,"column":4},"end":{"line":380,"column":5}},{"start":{"line":377,"column":4},"end":{"line":380,"column":5}}],"line":377},"32":{"loc":{"start":{"line":381,"column":4},"end":{"line":384,"column":5}},"type":"if","locations":[{"start":{"line":381,"column":4},"end":{"line":384,"column":5}},{"start":{"line":381,"column":4},"end":{"line":384,"column":5}}],"line":381},"33":{"loc":{"start":{"line":405,"column":4},"end":{"line":408,"column":5}},"type":"if","locations":[{"start":{"line":405,"column":4},"end":{"line":408,"column":5}},{"start":{"line":405,"column":4},"end":{"line":408,"column":5}}],"line":405},"34":{"loc":{"start":{"line":409,"column":4},"end":{"line":418,"column":5}},"type":"if","locations":[{"start":{"line":409,"column":4},"end":{"line":418,"column":5}},{"start":{"line":409,"column":4},"end":{"line":418,"column":5}}],"line":409},"35":{"loc":{"start":{"line":424,"column":4},"end":{"line":427,"column":5}},"type":"if","locations":[{"start":{"line":424,"column":4},"end":{"line":427,"column":5}},{"start":{"line":424,"column":4},"end":{"line":427,"column":5}}],"line":424},"36":{"loc":{"start":{"line":428,"column":4},"end":{"line":437,"column":5}},"type":"if","locations":[{"start":{"line":428,"column":4},"end":{"line":437,"column":5}},{"start":{"line":428,"column":4},"end":{"line":437,"column":5}}],"line":428},"37":{"loc":{"start":{"line":442,"column":4},"end":{"line":453,"column":5}},"type":"if","locations":[{"start":{"line":442,"column":4},"end":{"line":453,"column":5}},{"start":{"line":442,"column":4},"end":{"line":453,"column":5}}],"line":442},"38":{"loc":{"start":{"line":454,"column":4},"end":{"line":464,"column":5}},"type":"if","locations":[{"start":{"line":454,"column":4},"end":{"line":464,"column":5}},{"start":{"line":454,"column":4},"end":{"line":464,"column":5}}],"line":454},"39":{"loc":{"start":{"line":470,"column":4},"end":{"line":480,"column":5}},"type":"if","locations":[{"start":{"line":470,"column":4},"end":{"line":480,"column":5}},{"start":{"line":470,"column":4},"end":{"line":480,"column":5}}],"line":470},"40":{"loc":{"start":{"line":481,"column":4},"end":{"line":492,"column":5}},"type":"if","locations":[{"start":{"line":481,"column":4},"end":{"line":492,"column":5}},{"start":{"line":481,"column":4},"end":{"line":492,"column":5}}],"line":481},"41":{"loc":{"start":{"line":546,"column":4},"end":{"line":563,"column":5}},"type":"if","locations":[{"start":{"line":546,"column":4},"end":{"line":563,"column":5}},{"start":{"line":546,"column":4},"end":{"line":563,"column":5}}],"line":546},"42":{"loc":{"start":{"line":546,"column":8},"end":{"line":546,"column":120}},"type":"binary-expr","locations":[{"start":{"line":546,"column":8},"end":{"line":546,"column":25}},{"start":{"line":546,"column":29},"end":{"line":546,"column":49}},{"start":{"line":546,"column":53},"end":{"line":546,"column":71}},{"start":{"line":546,"column":75},"end":{"line":546,"column":95}},{"start":{"line":546,"column":99},"end":{"line":546,"column":120}}],"line":546},"43":{"loc":{"start":{"line":550,"column":9},"end":{"line":563,"column":5}},"type":"if","locations":[{"start":{"line":550,"column":9},"end":{"line":563,"column":5}},{"start":{"line":550,"column":9},"end":{"line":563,"column":5}}],"line":550},"44":{"loc":{"start":{"line":554,"column":9},"end":{"line":563,"column":5}},"type":"if","locations":[{"start":{"line":554,"column":9},"end":{"line":563,"column":5}},{"start":{"line":554,"column":9},"end":{"line":563,"column":5}}],"line":554},"45":{"loc":{"start":{"line":554,"column":13},"end":{"line":554,"column":50}},"type":"binary-expr","locations":[{"start":{"line":554,"column":13},"end":{"line":554,"column":30}},{"start":{"line":554,"column":34},"end":{"line":554,"column":50}}],"line":554},"46":{"loc":{"start":{"line":560,"column":6},"end":{"line":560,"column":47}},"type":"if","locations":[{"start":{"line":560,"column":6},"end":{"line":560,"column":47}},{"start":{"line":560,"column":6},"end":{"line":560,"column":47}}],"line":560},"47":{"loc":{"start":{"line":593,"column":4},"end":{"line":661,"column":5}},"type":"if","locations":[{"start":{"line":593,"column":4},"end":{"line":661,"column":5}},{"start":{"line":593,"column":4},"end":{"line":661,"column":5}}],"line":593},"48":{"loc":{"start":{"line":602,"column":6},"end":{"line":619,"column":7}},"type":"if","locations":[{"start":{"line":602,"column":6},"end":{"line":619,"column":7}},{"start":{"line":602,"column":6},"end":{"line":619,"column":7}}],"line":602},"49":{"loc":{"start":{"line":610,"column":39},"end":{"line":610,"column":95}},"type":"cond-expr","locations":[{"start":{"line":610,"column":68},"end":{"line":610,"column":80}},{"start":{"line":610,"column":83},"end":{"line":610,"column":95}}],"line":610},"50":{"loc":{"start":{"line":610,"column":39},"end":{"line":610,"column":65}},"type":"binary-expr","locations":[{"start":{"line":610,"column":39},"end":{"line":610,"column":51}},{"start":{"line":610,"column":55},"end":{"line":610,"column":65}}],"line":610},"51":{"loc":{"start":{"line":611,"column":41},"end":{"line":611,"column":101}},"type":"cond-expr","locations":[{"start":{"line":611,"column":70},"end":{"line":611,"column":84}},{"start":{"line":611,"column":87},"end":{"line":611,"column":101}}],"line":611},"52":{"loc":{"start":{"line":611,"column":41},"end":{"line":611,"column":67}},"type":"binary-expr","locations":[{"start":{"line":611,"column":41},"end":{"line":611,"column":53}},{"start":{"line":611,"column":57},"end":{"line":611,"column":67}}],"line":611},"53":{"loc":{"start":{"line":620,"column":6},"end":{"line":642,"column":7}},"type":"if","locations":[{"start":{"line":620,"column":6},"end":{"line":642,"column":7}},{"start":{"line":620,"column":6},"end":{"line":642,"column":7}}],"line":620},"54":{"loc":{"start":{"line":628,"column":39},"end":{"line":628,"column":95}},"type":"cond-expr","locations":[{"start":{"line":628,"column":68},"end":{"line":628,"column":80}},{"start":{"line":628,"column":83},"end":{"line":628,"column":95}}],"line":628},"55":{"loc":{"start":{"line":628,"column":39},"end":{"line":628,"column":65}},"type":"binary-expr","locations":[{"start":{"line":628,"column":39},"end":{"line":628,"column":51}},{"start":{"line":628,"column":55},"end":{"line":628,"column":65}}],"line":628},"56":{"loc":{"start":{"line":629,"column":41},"end":{"line":629,"column":101}},"type":"cond-expr","locations":[{"start":{"line":629,"column":70},"end":{"line":629,"column":84}},{"start":{"line":629,"column":87},"end":{"line":629,"column":101}}],"line":629},"57":{"loc":{"start":{"line":629,"column":41},"end":{"line":629,"column":67}},"type":"binary-expr","locations":[{"start":{"line":629,"column":41},"end":{"line":629,"column":53}},{"start":{"line":629,"column":57},"end":{"line":629,"column":67}}],"line":629},"58":{"loc":{"start":{"line":679,"column":53},"end":{"line":679,"column":107}},"type":"cond-expr","locations":[{"start":{"line":679,"column":68},"end":{"line":679,"column":89}},{"start":{"line":679,"column":92},"end":{"line":679,"column":107}}],"line":679},"59":{"loc":{"start":{"line":681,"column":67},"end":{"line":681,"column":124}},"type":"cond-expr","locations":[{"start":{"line":681,"column":80},"end":{"line":681,"column":100}},{"start":{"line":681,"column":103},"end":{"line":681,"column":124}}],"line":681},"60":{"loc":{"start":{"line":683,"column":51},"end":{"line":683,"column":107}},"type":"cond-expr","locations":[{"start":{"line":683,"column":66},"end":{"line":683,"column":88}},{"start":{"line":683,"column":91},"end":{"line":683,"column":107}}],"line":683},"61":{"loc":{"start":{"line":704,"column":4},"end":{"line":713,"column":5}},"type":"if","locations":[{"start":{"line":704,"column":4},"end":{"line":713,"column":5}},{"start":{"line":704,"column":4},"end":{"line":713,"column":5}}],"line":704},"62":{"loc":{"start":{"line":704,"column":8},"end":{"line":704,"column":34}},"type":"binary-expr","locations":[{"start":{"line":704,"column":8},"end":{"line":704,"column":25}},{"start":{"line":704,"column":29},"end":{"line":704,"column":34}}],"line":704},"63":{"loc":{"start":{"line":714,"column":4},"end":{"line":725,"column":5}},"type":"if","locations":[{"start":{"line":714,"column":4},"end":{"line":725,"column":5}},{"start":{"line":714,"column":4},"end":{"line":725,"column":5}}],"line":714},"64":{"loc":{"start":{"line":739,"column":4},"end":{"line":747,"column":5}},"type":"if","locations":[{"start":{"line":739,"column":4},"end":{"line":747,"column":5}},{"start":{"line":739,"column":4},"end":{"line":747,"column":5}}],"line":739},"65":{"loc":{"start":{"line":748,"column":4},"end":{"line":756,"column":5}},"type":"if","locations":[{"start":{"line":748,"column":4},"end":{"line":756,"column":5}},{"start":{"line":748,"column":4},"end":{"line":756,"column":5}}],"line":748},"66":{"loc":{"start":{"line":772,"column":4},"end":{"line":788,"column":5}},"type":"if","locations":[{"start":{"line":772,"column":4},"end":{"line":788,"column":5}},{"start":{"line":772,"column":4},"end":{"line":788,"column":5}}],"line":772},"67":{"loc":{"start":{"line":772,"column":8},"end":{"line":772,"column":24}},"type":"binary-expr","locations":[{"start":{"line":772,"column":8},"end":{"line":772,"column":13}},{"start":{"line":772,"column":17},"end":{"line":772,"column":24}}],"line":772},"68":{"loc":{"start":{"line":785,"column":40},"end":{"line":785,"column":138}},"type":"cond-expr","locations":[{"start":{"line":785,"column":87},"end":{"line":785,"column":110}},{"start":{"line":785,"column":113},"end":{"line":785,"column":138}}],"line":785},"69":{"loc":{"start":{"line":785,"column":40},"end":{"line":785,"column":84}},"type":"binary-expr","locations":[{"start":{"line":785,"column":40},"end":{"line":785,"column":61}},{"start":{"line":785,"column":65},"end":{"line":785,"column":84}}],"line":785},"70":{"loc":{"start":{"line":789,"column":4},"end":{"line":805,"column":5}},"type":"if","locations":[{"start":{"line":789,"column":4},"end":{"line":805,"column":5}},{"start":{"line":789,"column":4},"end":{"line":805,"column":5}}],"line":789},"71":{"loc":{"start":{"line":789,"column":8},"end":{"line":789,"column":27}},"type":"binary-expr","locations":[{"start":{"line":789,"column":8},"end":{"line":789,"column":16}},{"start":{"line":789,"column":20},"end":{"line":789,"column":27}}],"line":789},"72":{"loc":{"start":{"line":802,"column":40},"end":{"line":802,"column":138}},"type":"cond-expr","locations":[{"start":{"line":802,"column":87},"end":{"line":802,"column":110}},{"start":{"line":802,"column":113},"end":{"line":802,"column":138}}],"line":802},"73":{"loc":{"start":{"line":802,"column":40},"end":{"line":802,"column":84}},"type":"binary-expr","locations":[{"start":{"line":802,"column":40},"end":{"line":802,"column":61}},{"start":{"line":802,"column":65},"end":{"line":802,"column":84}}],"line":802},"74":{"loc":{"start":{"line":806,"column":4},"end":{"line":821,"column":5}},"type":"if","locations":[{"start":{"line":806,"column":4},"end":{"line":821,"column":5}},{"start":{"line":806,"column":4},"end":{"line":821,"column":5}}],"line":806},"75":{"loc":{"start":{"line":822,"column":4},"end":{"line":837,"column":5}},"type":"if","locations":[{"start":{"line":822,"column":4},"end":{"line":837,"column":5}},{"start":{"line":822,"column":4},"end":{"line":837,"column":5}}],"line":822}},"s":{"0":0,"1":0,"2":0,"3":0,"4":0,"5":0,"6":0,"7":0,"8":0,"9":0,"10":0,"11":0,"12":0,"13":0,"14":0,"15":0,"16":0,"17":0,"18":0,"19":0,"20":0,"21":0,"22":0,"23":0,"24":0,"25":0,"26":0,"27":0,"28":0,"29":0,"30":0,"31":0,"32":0,"33":0,"34":0,"35":0,"36":0,"37":0,"38":0,"39":0,"40":0,"41":0,"42":0,"43":0,"44":0,"45":0,"46":0,"47":0,"48":0,"49":0,"50":0,"51":0,"52":0,"53":0,"54":0,"55":0,"56":0,"57":0,"58":0,"59":0,"60":0,"61":0,"62":0,"63":0,"64":0,"65":0,"66":0,"67":0,"68":0,"69":0,"70":0,"71":0,"72":0,"73":0,"74":0,"75":0,"76":0,"77":0,"78":0,"79":0,"80":0,"81":0,"82":0,"83":0,"84":0,"85":0,"86":0,"87":0,"88":0,"89":0,"90":0,"91":0,"92":0,"93":0,"94":0,"95":0,"96":0,"97":0,"98":0,"99":0,"100":0,"101":0,"102":0,"103":0,"104":0,"105":0,"106":0,"107":0,"108":0,"109":0,"110":0,"111":0,"112":0,"113":0,"114":0,"115":0,"116":0,"117":0,"118":0,"119":0,"120":0,"121":0,"122":0,"123":0,"124":0,"125":0,"126":0,"127":0,"128":0,"129":0,"130":0,"131":0,"132":0,"133":0,"134":0,"135":0,"136":0,"137":0,"138":0,"139":0,"140":0,"141":0,"142":0,"143":0,"144":0,"145":0,"146":0,"147":0,"148":0,"149":0,"150":0,"151":0,"152":0,"153":0,"154":0,"155":0,"156":0,"157":0,"158":0,"159":0,"160":0,"161":0,"162":0,"163":0,"164":0,"165":0,"166":0,"167":0,"168":0,"169":0,"170":0,"171":0,"172":0,"173":0,"174":0,"175":0,"176":0,"177":0,"178":0,"179":0,"180":0,"181":0,"182":0,"183":0,"184":0,"185":0,"186":0,"187":0,"188":0,"189":0,"190":0,"191":0,"192":0,"193":0,"194":0,"195":0,"196":0,"197":0,"198":0,"199":0,"200":0,"201":0,"202":0,"203":0,"204":0,"205":0,"206":0,"207":0,"208":0,"209":0,"210":0,"211":0,"212":0,"213":0,"214":0,"215":0,"216":0,"217":0,"218":0,"219":0,"220":0,"221":0,"222":0,"223":0,"224":0,"225":0,"226":0,"227":0,"228":0,"229":0,"230":0,"231":0,"232":0,"233":0,"234":0,"235":0,"236":0,"237":0,"238":0,"239":0,"240":0,"241":0,"242":0,"243":0,"244":0,"245":8,"246":5,"247":5,"248":3,"249":0,"250":0,"251":3,"252":1,"253":1,"254":2,"255":2,"256":1,"257":2,"258":2,"259":1,"260":1,"261":1,"262":0,"263":0,"264":0,"265":0,"266":0,"267":0,"268":0,"269":0,"270":0,"271":0,"272":0,"273":0,"274":0,"275":0,"276":0,"277":0,"278":0,"279":0,"280":0,"281":0,"282":0,"283":0,"284":0,"285":0,"286":0,"287":0,"288":0,"289":0,"290":0,"291":0,"292":0,"293":0,"294":0,"295":0,"296":0,"297":0,"298":0,"299":0,"300":0,"301":0,"302":0,"303":0,"304":0,"305":0,"306":0,"307":0,"308":0,"309":0,"310":0,"311":0,"312":0,"313":0,"314":0,"315":0,"316":0,"317":0,"318":0,"319":0,"320":0,"321":0,"322":0,"323":0,"324":0,"325":0,"326":0,"327":0,"328":0,"329":0,"330":0,"331":0,"332":0,"333":0,"334":0,"335":1},"f":{"0":0,"1":0,"2":0,"3":0,"4":0,"5":0,"6":0,"7":0,"8":0,"9":0,"10":0,"11":0,"12":0,"13":0,"14":0,"15":0,"16":0,"17":0,"18":0,"19":0,"20":0,"21":0,"22":0,"23":0,"24":0,"25":0,"26":0,"27":0,"28":0,"29":0,"30":0,"31":0,"32":0,"33":0,"34":0,"35":0,"36":0,"37":0,"38":0,"39":0,"40":0,"41":0,"42":0,"43":0,"44":8,"45":1,"46":1,"47":0,"48":0,"49":0,"50":0,"51":0,"52":0,"53":0,"54":0,"55":0,"56":0,"57":0,"58":0},"b":{"0":[0,0],"1":[0,0],"2":[0,0],"3":[0,0],"4":[0,0],"5":[0,0],"6":[0,0],"7":[0,0],"8":[0,0],"9":[0,0],"10":[0,0],"11":[0,0],"12":[0,0],"13":[0,0],"14":[0,0],"15":[0,0],"16":[0,0],"17":[0,0],"18":[0,0],"19":[0,0],"20":[0,0],"21":[0,0],"22":[0,0],"23":[0,0],"24":[0,0],"25":[0,0],"26":[0,0],"27":[0,0],"28":[0,0],"29":[0,0],"30":[0,0],"31":[0,0],"32":[0,0],"33":[0,0],"34":[0,0],"35":[0,0],"36":[0,0],"37":[0,0],"38":[0,0],"39":[0,0],"40":[0,0],"41":[5,3],"42":[8,7,6,5,4],"43":[0,3],"44":[1,2],"45":[3,3],"46":[1,1],"47":[0,0],"48":[0,0],"49":[0,0],"50":[0,0],"51":[0,0],"52":[0,0],"53":[0,0],"54":[0,0],"55":[0,0],"56":[0,0],"57":[0,0],"58":[0,0],"59":[0,0],"60":[0,0],"61":[0,0],"62":[0,0],"63":[0,0],"64":[0,0],"65":[0,0],"66":[0,0],"67":[0,0],"68":[0,0],"69":[0,0],"70":[0,0],"71":[0,0],"72":[0,0],"73":[0,0],"74":[0,0],"75":[0,0]},"_coverageSchema":"1a1c01bbd47fc00a2c39e90264f33305004495a9","hash":"724b8398555980ca7c07fad2e56a6724dcfea95b"}
,"C:\\Users\\a2662\\Documents\\wowmusic\\src\\static\\js\\firebase.js": {"path":"C:\\Users\\a2662\\Documents\\wowmusic\\src\\static\\js\\firebase.js","statementMap":{"0":{"start":{"line":9,"column":23},"end":{"line":18,"column":1}},"1":{"start":{"line":20,"column":0},"end":{"line":20,"column":39}},"2":{"start":{"line":22,"column":9},"end":{"line":22,"column":29}},"3":{"start":{"line":23,"column":14},"end":{"line":23,"column":32}}},"fnMap":{},"branchMap":{},"s":{"0":1,"1":1,"2":1,"3":1},"f":{},"b":{},"_coverageSchema":"1a1c01bbd47fc00a2c39e90264f33305004495a9","hash":"990a3314cdd04d454d6e7bfb264a3f101507afc8"}
}
