TN:
SF:src\components\musicplayer.js
FN:12,(anonymous_0)
FN:56,(anonymous_1)
FN:60,(anonymous_2)
FN:67,(anonymous_3)
FN:75,(anonymous_4)
FN:84,(anonymous_5)
FN:105,(anonymous_6)
FN:114,(anonymous_7)
FN:125,(anonymous_8)
FN:136,(anonymous_9)
FN:265,(anonymous_10)
FN:268,(anonymous_11)
FN:277,(anonymous_12)
FN:287,(anonymous_13)
FN:307,(anonymous_14)
FN:328,(anonymous_15)
FN:342,(anonymous_16)
FN:349,(anonymous_17)
FN:353,(anonymous_18)
FN:357,(anonymous_19)
FN:361,(anonymous_20)
FN:366,(anonymous_21)
FN:386,(anonymous_22)
FN:393,(anonymous_23)
FN:397,(anonymous_24)
FN:401,(anonymous_25)
FN:411,(anonymous_26)
FN:420,(anonymous_27)
FN:430,(anonymous_28)
FN:439,(anonymous_29)
FN:445,(anonymous_30)
FN:456,(anonymous_31)
FN:466,(anonymous_32)
FN:473,(anonymous_33)
FN:484,(anonymous_34)
FN:494,(anonymous_35)
FN:502,(anonymous_36)
FN:511,(anonymous_37)
FN:512,(anonymous_38)
FN:521,(anonymous_39)
FN:522,(anonymous_40)
FN:530,(anonymous_41)
FN:531,(anonymous_42)
FN:539,(anonymous_43)
FN:545,(anonymous_44)
FN:567,(anonymous_45)
FN:570,(anonymous_46)
FN:582,(anonymous_47)
FN:585,(anonymous_48)
FN:665,(anonymous_49)
FN:668,(anonymous_50)
FN:692,(anonymous_51)
FN:695,(anonymous_52)
FN:729,(anonymous_53)
FN:732,(anonymous_54)
FN:760,(anonymous_55)
FN:763,(anonymous_56)
FN:841,(anonymous_57)
FN:844,(anonymous_58)
FNF:59
FNH:3
FNDA:0,(anonymous_0)
FNDA:0,(anonymous_1)
FNDA:0,(anonymous_2)
FNDA:0,(anonymous_3)
FNDA:0,(anonymous_4)
FNDA:0,(anonymous_5)
FNDA:0,(anonymous_6)
FNDA:0,(anonymous_7)
FNDA:0,(anonymous_8)
FNDA:0,(anonymous_9)
FNDA:0,(anonymous_10)
FNDA:0,(anonymous_11)
FNDA:0,(anonymous_12)
FNDA:0,(anonymous_13)
FNDA:0,(anonymous_14)
FNDA:0,(anonymous_15)
FNDA:0,(anonymous_16)
FNDA:0,(anonymous_17)
FNDA:0,(anonymous_18)
FNDA:0,(anonymous_19)
FNDA:0,(anonymous_20)
FNDA:0,(anonymous_21)
FNDA:0,(anonymous_22)
FNDA:0,(anonymous_23)
FNDA:0,(anonymous_24)
FNDA:0,(anonymous_25)
FNDA:0,(anonymous_26)
FNDA:0,(anonymous_27)
FNDA:0,(anonymous_28)
FNDA:0,(anonymous_29)
FNDA:0,(anonymous_30)
FNDA:0,(anonymous_31)
FNDA:0,(anonymous_32)
FNDA:0,(anonymous_33)
FNDA:0,(anonymous_34)
FNDA:0,(anonymous_35)
FNDA:0,(anonymous_36)
FNDA:0,(anonymous_37)
FNDA:0,(anonymous_38)
FNDA:0,(anonymous_39)
FNDA:0,(anonymous_40)
FNDA:0,(anonymous_41)
FNDA:0,(anonymous_42)
FNDA:0,(anonymous_43)
FNDA:8,(anonymous_44)
FNDA:1,(anonymous_45)
FNDA:1,(anonymous_46)
FNDA:0,(anonymous_47)
FNDA:0,(anonymous_48)
FNDA:0,(anonymous_49)
FNDA:0,(anonymous_50)
FNDA:0,(anonymous_51)
FNDA:0,(anonymous_52)
FNDA:0,(anonymous_53)
FNDA:0,(anonymous_54)
FNDA:0,(anonymous_55)
FNDA:0,(anonymous_56)
FNDA:0,(anonymous_57)
FNDA:0,(anonymous_58)
DA:13,0
DA:14,0
DA:22,0
DA:23,0
DA:24,0
DA:25,0
DA:26,0
DA:27,0
DA:28,0
DA:29,0
DA:30,0
DA:31,0
DA:32,0
DA:33,0
DA:34,0
DA:35,0
DA:36,0
DA:37,0
DA:38,0
DA:39,0
DA:40,0
DA:41,0
DA:42,0
DA:43,0
DA:44,0
DA:45,0
DA:48,0
DA:49,0
DA:50,0
DA:51,0
DA:52,0
DA:53,0
DA:54,0
DA:57,0
DA:58,0
DA:59,0
DA:60,0
DA:61,0
DA:62,0
DA:63,0
DA:65,0
DA:66,0
DA:67,0
DA:68,0
DA:72,0
DA:75,0
DA:76,0
DA:77,0
DA:78,0
DA:79,0
DA:80,0
DA:81,0
DA:83,0
DA:84,0
DA:85,0
DA:89,0
DA:92,0
DA:93,0
DA:95,0
DA:96,0
DA:97,0
DA:99,0
DA:100,0
DA:101,0
DA:106,0
DA:107,0
DA:108,0
DA:109,0
DA:110,0
DA:112,0
DA:113,0
DA:114,0
DA:115,0
DA:120,0
DA:122,0
DA:125,0
DA:126,0
DA:130,0
DA:132,0
DA:137,0
DA:138,0
DA:139,0
DA:141,0
DA:143,0
DA:148,0
DA:227,0
DA:228,0
DA:243,0
DA:244,0
DA:245,0
DA:246,0
DA:247,0
DA:248,0
DA:250,0
DA:266,0
DA:267,0
DA:268,0
DA:269,0
DA:273,0
DA:275,0
DA:277,0
DA:278,0
DA:282,0
DA:284,0
DA:288,0
DA:289,0
DA:290,0
DA:291,0
DA:292,0
DA:294,0
DA:295,0
DA:296,0
DA:298,0
DA:299,0
DA:300,0
DA:302,0
DA:303,0
DA:304,0
DA:308,0
DA:309,0
DA:310,0
DA:311,0
DA:312,0
DA:313,0
DA:315,0
DA:316,0
DA:317,0
DA:319,0
DA:320,0
DA:321,0
DA:323,0
DA:324,0
DA:325,0
DA:329,0
DA:330,0
DA:331,0
DA:333,0
DA:334,0
DA:335,0
DA:336,0
DA:339,0
DA:343,0
DA:344,0
DA:345,0
DA:347,0
DA:350,0
DA:351,0
DA:354,0
DA:355,0
DA:358,0
DA:359,0
DA:362,0
DA:363,0
DA:367,0
DA:368,0
DA:369,0
DA:370,0
DA:371,0
DA:373,0
DA:374,0
DA:375,0
DA:377,0
DA:378,0
DA:379,0
DA:381,0
DA:382,0
DA:383,0
DA:387,0
DA:388,0
DA:389,0
DA:391,0
DA:394,0
DA:395,0
DA:398,0
DA:399,0
DA:402,0
DA:403,0
DA:404,0
DA:405,0
DA:406,0
DA:407,0
DA:409,0
DA:410,0
DA:411,0
DA:412,0
DA:416,0
DA:421,0
DA:422,0
DA:423,0
DA:424,0
DA:425,0
DA:426,0
DA:428,0
DA:429,0
DA:430,0
DA:431,0
DA:435,0
DA:440,0
DA:441,0
DA:442,0
DA:443,0
DA:444,0
DA:445,0
DA:446,0
DA:451,0
DA:454,0
DA:455,0
DA:456,0
DA:457,0
DA:462,0
DA:467,0
DA:468,0
DA:470,0
DA:471,0
DA:472,0
DA:473,0
DA:474,0
DA:478,0
DA:481,0
DA:482,0
DA:483,0
DA:484,0
DA:485,0
DA:490,0
DA:495,0
DA:496,0
DA:497,0
DA:499,0
DA:500,0
DA:502,0
DA:503,0
DA:508,0
DA:512,0
DA:513,0
DA:518,0
DA:522,0
DA:523,0
DA:527,0
DA:531,0
DA:532,0
DA:536,0
DA:540,0
DA:541,0
DA:542,0
DA:543,0
DA:546,8
DA:547,5
DA:548,5
DA:550,3
DA:551,0
DA:552,0
DA:554,3
DA:555,1
DA:556,1
DA:559,2
DA:560,2
DA:561,2
DA:562,2
DA:568,1
DA:571,1
DA:572,1
DA:583,0
DA:586,0
DA:587,0
DA:588,0
DA:589,0
DA:590,0
DA:591,0
DA:593,0
DA:594,0
DA:595,0
DA:596,0
DA:597,0
DA:598,0
DA:599,0
DA:600,0
DA:602,0
DA:603,0
DA:620,0
DA:621,0
DA:645,0
DA:666,0
DA:669,0
DA:670,0
DA:671,0
DA:672,0
DA:673,0
DA:675,0
DA:693,0
DA:696,0
DA:697,0
DA:698,0
DA:699,0
DA:700,0
DA:701,0
DA:702,0
DA:704,0
DA:705,0
DA:710,0
DA:714,0
DA:715,0
DA:730,0
DA:733,0
DA:734,0
DA:735,0
DA:736,0
DA:737,0
DA:739,0
DA:740,0
DA:748,0
DA:749,0
DA:761,0
DA:764,0
DA:765,0
DA:766,0
DA:767,0
DA:768,0
DA:769,0
DA:770,0
DA:771,0
DA:772,0
DA:773,0
DA:774,0
DA:789,0
DA:790,0
DA:791,0
DA:806,0
DA:807,0
DA:822,0
DA:823,0
DA:842,0
DA:845,0
DA:846,0
DA:847,0
DA:864,1
LF:335
LH:15
BRDA:83,0,0,0
BRDA:83,0,1,0
BRDA:83,1,0,0
BRDA:83,1,1,0
BRDA:92,2,0,0
BRDA:92,2,1,0
BRDA:92,3,0,0
BRDA:92,3,1,0
BRDA:95,4,0,0
BRDA:95,4,1,0
BRDA:95,5,0,0
BRDA:95,5,1,0
BRDA:99,6,0,0
BRDA:99,6,1,0
BRDA:99,7,0,0
BRDA:99,7,1,0
BRDA:109,8,0,0
BRDA:109,8,1,0
BRDA:109,9,0,0
BRDA:109,9,1,0
BRDA:112,10,0,0
BRDA:112,10,1,0
BRDA:112,11,0,0
BRDA:112,11,1,0
BRDA:113,12,0,0
BRDA:113,12,1,0
BRDA:227,13,0,0
BRDA:227,13,1,0
BRDA:252,14,0,0
BRDA:252,14,1,0
BRDA:252,15,0,0
BRDA:252,15,1,0
BRDA:252,16,0,0
BRDA:252,16,1,0
BRDA:253,17,0,0
BRDA:253,17,1,0
BRDA:257,18,0,0
BRDA:257,18,1,0
BRDA:267,19,0,0
BRDA:267,19,1,0
BRDA:294,20,0,0
BRDA:294,20,1,0
BRDA:294,21,0,0
BRDA:294,21,1,0
BRDA:298,22,0,0
BRDA:298,22,1,0
BRDA:302,23,0,0
BRDA:302,23,1,0
BRDA:315,24,0,0
BRDA:315,24,1,0
BRDA:315,25,0,0
BRDA:315,25,1,0
BRDA:319,26,0,0
BRDA:319,26,1,0
BRDA:323,27,0,0
BRDA:323,27,1,0
BRDA:335,28,0,0
BRDA:335,28,1,0
BRDA:373,29,0,0
BRDA:373,29,1,0
BRDA:373,30,0,0
BRDA:373,30,1,0
BRDA:377,31,0,0
BRDA:377,31,1,0
BRDA:381,32,0,0
BRDA:381,32,1,0
BRDA:405,33,0,0
BRDA:405,33,1,0
BRDA:409,34,0,0
BRDA:409,34,1,0
BRDA:424,35,0,0
BRDA:424,35,1,0
BRDA:428,36,0,0
BRDA:428,36,1,0
BRDA:442,37,0,0
BRDA:442,37,1,0
BRDA:454,38,0,0
BRDA:454,38,1,0
BRDA:470,39,0,0
BRDA:470,39,1,0
BRDA:481,40,0,0
BRDA:481,40,1,0
BRDA:546,41,0,5
BRDA:546,41,1,3
BRDA:546,42,0,8
BRDA:546,42,1,7
BRDA:546,42,2,6
BRDA:546,42,3,5
BRDA:546,42,4,4
BRDA:550,43,0,0
BRDA:550,43,1,3
BRDA:554,44,0,1
BRDA:554,44,1,2
BRDA:554,45,0,3
BRDA:554,45,1,3
BRDA:560,46,0,1
BRDA:560,46,1,1
BRDA:593,47,0,0
BRDA:593,47,1,0
BRDA:602,48,0,0
BRDA:602,48,1,0
BRDA:610,49,0,0
BRDA:610,49,1,0
BRDA:610,50,0,0
BRDA:610,50,1,0
BRDA:611,51,0,0
BRDA:611,51,1,0
BRDA:611,52,0,0
BRDA:611,52,1,0
BRDA:620,53,0,0
BRDA:620,53,1,0
BRDA:628,54,0,0
BRDA:628,54,1,0
BRDA:628,55,0,0
BRDA:628,55,1,0
BRDA:629,56,0,0
BRDA:629,56,1,0
BRDA:629,57,0,0
BRDA:629,57,1,0
BRDA:679,58,0,0
BRDA:679,58,1,0
BRDA:681,59,0,0
BRDA:681,59,1,0
BRDA:683,60,0,0
BRDA:683,60,1,0
BRDA:704,61,0,0
BRDA:704,61,1,0
BRDA:704,62,0,0
BRDA:704,62,1,0
BRDA:714,63,0,0
BRDA:714,63,1,0
BRDA:739,64,0,0
BRDA:739,64,1,0
BRDA:748,65,0,0
BRDA:748,65,1,0
BRDA:772,66,0,0
BRDA:772,66,1,0
BRDA:772,67,0,0
BRDA:772,67,1,0
BRDA:785,68,0,0
BRDA:785,68,1,0
BRDA:785,69,0,0
BRDA:785,69,1,0
BRDA:789,70,0,0
BRDA:789,70,1,0
BRDA:789,71,0,0
BRDA:789,71,1,0
BRDA:802,72,0,0
BRDA:802,72,1,0
BRDA:802,73,0,0
BRDA:802,73,1,0
BRDA:806,74,0,0
BRDA:806,74,1,0
BRDA:822,75,0,0
BRDA:822,75,1,0
BRF:155
BRH:14
end_of_record
TN:
SF:src\static\js\firebase.js
FNF:0
FNH:0
DA:9,1
DA:20,1
DA:22,1
DA:23,1
LF:4
LH:4
BRF:0
BRH:0
end_of_record
